<?xml version="1.0" encoding="UTF-8"?>
<!-- Generated by org.testng.reporters.JUnitXMLReporter -->
<testsuite ignored="0" hostname="DESKTOP-KJ400B0" failures="2" tests="4" name="AccountTest" time="0.441" errors="0" timestamp="2022-09-27T10:36:55 IST">
  <testcase classname="com.service.AccountServiceTest" name="createAccountTest" time="0.347">
    <failure type="java.lang.AssertionError" message="expected [Account created] but found [Account didn&amp;apos;t create]">
      <![CDATA[java.lang.AssertionError: expected [Account created] but found [Account didn't create]
at com.service.AccountServiceTest.createAccountTest(AccountServiceTest.java:21)
at java.base/java.util.ArrayList.forEach(ArrayList.java:1541)
... Removed 32 stack frames]]>
    </failure>
  </testcase> <!-- createAccountTest -->
  <testcase classname="com.service.AccountServiceTest" name="depositTest" time="0.021"/>
  <testcase classname="com.service.AccountServiceTest" name="findBalanceTest" time="0.048">
    <failure type="java.lang.AssertionError" message="expected [Your account balance is 700.0] but found [Your account balance is 30501.0]">
      <![CDATA[java.lang.AssertionError: expected [Your account balance is 700.0] but found [Your account balance is 30501.0]
at com.service.AccountServiceTest.findBalanceTest(AccountServiceTest.java:55)
at java.base/java.util.ArrayList.forEach(ArrayList.java:1541)
... Removed 32 stack frames]]>
    </failure>
  </testcase> <!-- findBalanceTest -->
  <testcase classname="com.service.AccountServiceTest" name="withdrawnTest" time="0.017"/>
</testsuite> <!-- AccountTest -->
